scripts/kconfig/conf -s arch/arm/Kconfig
arch/arm/mach-msm/Kconfig:39:warning: defaults for choice values not supported
arch/arm/mach-msm/Kconfig:45:warning: defaults for choice values not supported
arch/arm/mach-msm/Kconfig:51:warning: defaults for choice values not supported
  CHK     include/linux/version.h
  UPD     include/linux/version.h
  Generating include/asm-arm/mach-types.h
  CHK     include/linux/utsrelease.h
  UPD     include/linux/utsrelease.h
  SYMLINK include/asm -> include/asm-arm
  CC      kernel/bounds.s
  GEN     include/linux/bounds.h
  CC      arch/arm/kernel/asm-offsets.s
  GEN     include/asm/asm-offsets.h
  CALL    scripts/checksyscalls.sh
<stdin>:1097:2: warning: #warning syscall fadvise64 not implemented
<stdin>:1265:2: warning: #warning syscall migrate_pages not implemented
<stdin>:1321:2: warning: #warning syscall pselect6 not implemented
<stdin>:1325:2: warning: #warning syscall ppoll not implemented
<stdin>:1365:2: warning: #warning syscall epoll_pwait not implemented
  CC      scripts/mod/empty.o
  HOSTCC  scripts/mod/mk_elfconfig
  MKELF   scripts/mod/elfconfig.h
  HOSTCC  scripts/mod/file2alias.o
  HOSTCC  scripts/mod/modpost.o
scripts/mod/modpost.c: In function ‘get_markers’:
scripts/mod/modpost.c:1542: warning: ignoring return value of ‘asprintf’, declared with attribute warn_unused_result
scripts/mod/modpost.c: In function ‘add_marker’:
scripts/mod/modpost.c:1954: warning: ignoring return value of ‘asprintf’, declared with attribute warn_unused_result
  HOSTCC  scripts/mod/sumversion.o
  HOSTLD  scripts/mod/modpost
  HOSTCC  scripts/kallsyms
scripts/kallsyms.c: In function ‘read_symbol’:
scripts/kallsyms.c:74: warning: ignoring return value of ‘fgets’, declared with attribute warn_unused_result
  HOSTCC  scripts/conmakehash
  HOSTCC  scripts/bin2c
  CC      init/main.o
  CHK     include/linux/compile.h
dnsdomainname: Unknown host
  UPD     include/linux/compile.h
  CC      init/version.o
  CC      init/do_mounts.o
  CC      init/do_mounts_rd.o
  CC      init/do_mounts_initrd.o
  LD      init/mounts.o
  CC      init/initramfs.o
  CC      init/calibrate.o
  LD      init/built-in.o
  HOSTCC  usr/gen_init_cpio
usr/gen_init_cpio.c: In function ‘cpio_mkfile’:
usr/gen_init_cpio.c:357: warning: ignoring return value of ‘fwrite’, declared with attribute warn_unused_result
  GEN     usr/initramfs_data.cpio.gz
  AS      usr/initramfs_data.o
  LD      usr/built-in.o
  CC      arch/arm/kernel/compat.o
  AS      arch/arm/kernel/entry-armv.o
  AS      arch/arm/kernel/entry-common.o
  CC      arch/arm/kernel/irq.o
  CC      arch/arm/kernel/process.o
  CC      arch/arm/kernel/ptrace.o
  CC      arch/arm/kernel/setup.o
  CC      arch/arm/kernel/signal.o
  CC      arch/arm/kernel/sys_arm.o
  CC      arch/arm/kernel/stacktrace.o
  CC      arch/arm/kernel/time.o
  CC      arch/arm/kernel/traps.o
arch/arm/kernel/traps.c: In function 'die':
arch/arm/kernel/traps.c:389: warning: format '%x' expects type 'unsigned int', but argument 2 has type 'void *'
arch/arm/kernel/traps.c:392: warning: format '%x' expects type 'unsigned int', but argument 2 has type 'void *'
arch/arm/kernel/traps.c:398: warning: too many arguments for format
  CC      arch/arm/kernel/armksyms.o
  CC      arch/arm/kernel/module.o
  CC      arch/arm/kernel/sys_oabi-compat.o
  CC      arch/arm/kernel/io.o
  LD      arch/arm/kernel/built-in.o
  AS      arch/arm/kernel/head.o
  CC      arch/arm/kernel/init_task.o
  LDS     arch/arm/kernel/vmlinux.lds
  CC      arch/arm/mm/consistent.o
  CC      arch/arm/mm/extable.o
  CC      arch/arm/mm/fault.o
  CC      arch/arm/mm/init.o
  CC      arch/arm/mm/iomap.o
  CC      arch/arm/mm/fault-armv.o
  CC      arch/arm/mm/flush.o
  CC      arch/arm/mm/ioremap.o
arch/arm/mm/ioremap.c: In function 'remap_area_pte':
arch/arm/mm/ioremap.c:67: warning: control reaches end of non-void function
  CC      arch/arm/mm/mmap.o
  CC      arch/arm/mm/pgd.o
  CC      arch/arm/mm/mmu.o
  CC      arch/arm/mm/proc-syms.o
  CC      arch/arm/mm/alignment.o
  AS      arch/arm/mm/abort-ev6.o
  AS      arch/arm/mm/cache-v6.o
  CC      arch/arm/mm/copypage-v6.o
  CC      arch/arm/mm/context.o
  AS      arch/arm/mm/tlb-v6.o
  AS      arch/arm/mm/proc-v6.o
  LD      arch/arm/mm/built-in.o
  LD      arch/arm/common/built-in.o
  CC      arch/arm/mach-msm/io.o
  CC      arch/arm/mach-msm/irq.o
  CC      arch/arm/mach-msm/timer.o
  CC      arch/arm/mach-msm/dma.o
  CC      arch/arm/mach-msm/memory.o
  CC      arch/arm/mach-msm/devices.o
arch/arm/mach-msm/devices.c:208: warning: 'resources_hsusb' defined but not used
  CC      arch/arm/mach-msm/proc_comm.o
arch/arm/mach-msm/proc_comm.c: In function 'msm_proc_comm_reset_modem_now':
arch/arm/mach-msm/proc_comm.c:85: warning: initialization makes integer from pointer without a cast
arch/arm/mach-msm/proc_comm.c: In function 'msm_proc_comm':
arch/arm/mach-msm/proc_comm.c:108: warning: initialization makes integer from pointer without a cast
  CC      arch/arm/mach-msm/vreg.o
  CC      arch/arm/mach-msm/mpp.o
  CC      arch/arm/mach-msm/clock.o
  CC      arch/arm/mach-msm/gpio.o
  CC      arch/arm/mach-msm/generic_gpio.o
  CC      arch/arm/mach-msm/nand_partitions.o
  CC      arch/arm/mach-msm/remote_spinlock.o
  CC      arch/arm/mach-msm/modem_notifier.o
  CC      arch/arm/mach-msm/rpc_hsusb.o
  CC      arch/arm/mach-msm/socinfo.o
  CC      arch/arm/mach-msm/cpufreq.o
  CC      arch/arm/mach-msm/nohlt.o
  CC      arch/arm/mach-msm/acpuclock.o
  CC      arch/arm/mach-msm/pmic.o
  AS      arch/arm/mach-msm/idle-v6.o
  AS      arch/arm/mach-msm/fiq_glue.o
  CC      arch/arm/mach-msm/smd.o
arch/arm/mach-msm/smd.c: In function 'smem_init':
arch/arm/mach-msm/smd.c:1111: warning: unused variable 'smd_ver'
arch/arm/mach-msm/smd.c: In function 'smsm_irq_handler':
arch/arm/mach-msm/smd.c:1217: warning: suggest parentheses around comparison in operand of &
  CC      arch/arm/mach-msm/smd_tty.o
  CC      arch/arm/mach-msm/smd_qmi.o
  CC      arch/arm/mach-msm/smem_log.o
  CC      arch/arm/mach-msm/smd_ctl2.o
  CC      arch/arm/mach-msm/smd_loopback.o
  CC      arch/arm/mach-msm/smd_nmea.o
  CC      arch/arm/mach-msm/smd_rpcrouter.o
  CC      arch/arm/mach-msm/smd_rpcrouter_device.o
  CC      arch/arm/mach-msm/smd_rpcrouter_servers.o
  CC      arch/arm/mach-msm/rpc_server_dog_keepalive.o
  CC      arch/arm/mach-msm/rpc_server_time_remote.o
  CC      arch/arm/mach-msm/qdsp5/adsp.o
  CC      arch/arm/mach-msm/qdsp5/adsp_driver.o
  CC      arch/arm/mach-msm/qdsp5/adsp_info.o
  CC      arch/arm/mach-msm/qdsp5/adsp_video_verify_cmd.o
  CC      arch/arm/mach-msm/qdsp5/adsp_videoenc_verify_cmd.o
  CC      arch/arm/mach-msm/qdsp5/adsp_jpeg_verify_cmd.o
  CC      arch/arm/mach-msm/qdsp5/adsp_jpeg_patch_event.o
  CC      arch/arm/mach-msm/qdsp5/adsp_vfe_verify_cmd.o
  CC      arch/arm/mach-msm/qdsp5/adsp_vfe_patch_event.o
  CC      arch/arm/mach-msm/qdsp5/adsp_lpm_verify_cmd.o
  CC      arch/arm/mach-msm/qdsp5/audio_out.o
arch/arm/mach-msm/qdsp5/evlog.h:110: warning: 'ev_log_freeze' defined but not used
  CC      arch/arm/mach-msm/qdsp5/audio_in.o
  CC      arch/arm/mach-msm/qdsp5/audio_mp3.o
arch/arm/mach-msm/qdsp5/audio_mp3.c:49:1: warning: "pr_info" redefined
In file included from include/linux/cache.h:4,
                 from include/linux/time.h:7,
                 from include/linux/stat.h:60,
                 from include/linux/module.h:10,
                 from arch/arm/mach-msm/qdsp5/audio_mp3.c:19:
include/linux/kernel.h:303:1: warning: this is the location of the previous definition
  CC      arch/arm/mach-msm/qdsp5/audmgr.o
  CC      arch/arm/mach-msm/qdsp5/audpp.o
arch/arm/mach-msm/qdsp5/evlog.h:110: warning: 'ev_log_freeze' defined but not used
  CC      arch/arm/mach-msm/qdsp5/audrec.o
  CC      arch/arm/mach-msm/qdsp5/audio_evrc.o
  CC      arch/arm/mach-msm/qdsp5/audio_qcelp.o
  CC      arch/arm/mach-msm/qdsp5/audio_amrnb.o
  CC      arch/arm/mach-msm/qdsp5/audio_aac.o
  CC      arch/arm/mach-msm/qdsp5/audio_amrnb_in.o
  CC      arch/arm/mach-msm/qdsp5/audio_wma.o
  CC      arch/arm/mach-msm/qdsp5/snd.o
  LD      arch/arm/mach-msm/qdsp5/built-in.o
  CC      arch/arm/mach-msm/rpc_server_handset.o
  CC      arch/arm/mach-msm/hw3d.o
  CC      arch/arm/mach-msm/pm.o
arch/arm/mach-msm/pm.c: In function 'msm_pm_power_off':
arch/arm/mach-msm/pm.c:704: warning: 'return' with a value, in function returning void
arch/arm/mach-msm/pm.c:710: warning: format '%x' expects type 'unsigned int', but argument 2 has type 'volatile unsigned char *'
arch/arm/mach-msm/pm.c:711: warning: 'return' with a value, in function returning void
arch/arm/mach-msm/pm.c:696: warning: unused variable 'dpram_dev'
arch/arm/mach-msm/pm.c:695: warning: unused variable 'cnt'
  CC      arch/arm/mach-msm/board-init.o
arch/arm/mach-msm/board-init.c: In function 'msm_movinand_setup_power':
arch/arm/mach-msm/board-init.c:1232: warning: ISO C90 forbids mixed declarations and code
arch/arm/mach-msm/board-init.c:1252: warning: too many arguments for format
arch/arm/mach-msm/board-init.c: At top level:
arch/arm/mach-msm/board-init.c:1272: warning: initialization from incompatible pointer type
arch/arm/mach-msm/board-init.c:1287: warning: initialization from incompatible pointer type
arch/arm/mach-msm/board-init.c:1370: warning: initialization from incompatible pointer type
arch/arm/mach-msm/board-init.c: In function 'mmc_dbg_wifi_reset_fops_open':
arch/arm/mach-msm/board-init.c:1485: warning: passing argument 4 of 'simple_attr_open' from incompatible pointer type
arch/arm/mach-msm/board-init.c: In function 'mmc_dbg_wifi_cd_fops_open':
arch/arm/mach-msm/board-init.c:1488: warning: passing argument 4 of 'simple_attr_open' from incompatible pointer type
arch/arm/mach-msm/board-init.c: In function 'mmc_dbg_wifi_pwr_fops_open':
arch/arm/mach-msm/board-init.c:1491: warning: passing argument 4 of 'simple_attr_open' from incompatible pointer type
arch/arm/mach-msm/board-init.c: In function 'init_mmc':
arch/arm/mach-msm/board-init.c:1504: warning: too many arguments for format
arch/arm/mach-msm/board-init.c: In function 'bcm4325_init':
arch/arm/mach-msm/board-init.c:1578: warning: 'return' with a value, in function returning void
arch/arm/mach-msm/board-init.c: In function 'init':
arch/arm/mach-msm/board-init.c:1619: warning: unused variable 'rc'
arch/arm/mach-msm/board-init.c:1620: warning: ignoring return value of 'socinfo_init', declared with attribute warn_unused_result
arch/arm/mach-msm/board-init.c: At top level:
arch/arm/mach-msm/board-init.c:553: warning: 'msm_fb_pm_vid_en' defined but not used
arch/arm/mach-msm/board-init.c:1266: warning: 'sdcc_slot_status' defined but not used
arch/arm/mach-msm/board-init.c:1281: warning: 'msm_movinand_status' defined but not used
arch/arm/mach-msm/board-init.c:1485: warning: 'mmc_dbg_wifi_reset_fops' defined but not used
arch/arm/mach-msm/board-init.c:1488: warning: 'mmc_dbg_wifi_cd_fops' defined but not used
arch/arm/mach-msm/board-init.c:1491: warning: 'mmc_dbg_wifi_pwr_fops' defined but not used
arch/arm/mach-msm/board-init.c: In function 'msm_sdcc_setup_power':
arch/arm/mach-msm/board-init.c:1197: warning: 'pdev' is used uninitialized in this function
  CC      arch/arm/mach-msm/board-keypad.o
arch/arm/mach-msm/board-keypad.c: In function 'hall_interrupt_handler':
arch/arm/mach-msm/board-keypad.c:360: warning: unused variable 'ret'
arch/arm/mach-msm/board-keypad.c: In function 'misc_init':
arch/arm/mach-msm/board-keypad.c:390: warning: unused variable 'ret'
arch/arm/mach-msm/board-keypad.c:402: warning: no return statement in function returning non-void
arch/arm/mach-msm/board-keypad.c: At top level:
arch/arm/mach-msm/board-keypad.c:359: warning: 'hall_interrupt_handler' defined but not used
arch/arm/mach-msm/board-keypad.c:389: warning: 'misc_init' defined but not used
  CC      arch/arm/mach-msm/board-headset.o
arch/arm/mach-msm/board-headset.c: In function 'insert_headset':
arch/arm/mach-msm/board-headset.c:154: warning: unused variable 'irq_flags'
arch/arm/mach-msm/board-headset.c: In function 'remove_headset':
arch/arm/mach-msm/board-headset.c:185: warning: unused variable 'irq_flags'
arch/arm/mach-msm/board-headset.c: In function 'h2w_debug_fops_open':
arch/arm/mach-msm/board-headset.c:349: warning: passing argument 3 of 'simple_attr_open' from incompatible pointer type
arch/arm/mach-msm/board-headset.c:349: warning: passing argument 4 of 'simple_attr_open' from incompatible pointer type
arch/arm/mach-msm/board-headset.c: In function 'h2w_probe':
arch/arm/mach-msm/board-headset.c:528: warning: label 'err_request_detect_gpio' defined but not used
arch/arm/mach-msm/board-headset.c:524: warning: label 'err_request_button_gpio' defined but not used
arch/arm/mach-msm/board-headset.c:521: warning: label 'err_set_button_gpio' defined but not used
arch/arm/mach-msm/board-headset.c:519: warning: label 'err_get_button_irq_num_failed' defined but not used
arch/arm/mach-msm/board-headset.c:515: warning: label 'err_request_h2w_headset_button_irq' defined but not used
arch/arm/mach-msm/board-headset.c:509: warning: label 'err_register_input_dev' defined but not used
arch/arm/mach-msm/board-headset.c: At top level:
arch/arm/mach-msm/board-headset.c:259: warning: 'button_event_timer_func' defined but not used
arch/arm/mach-msm/board-headset.c:319: warning: 'button_irq_handler' defined but not used
  CC      arch/arm/mach-msm/board-battery.o
arch/arm/mach-msm/board-battery.c: In function 'get_batt_info':
arch/arm/mach-msm/board-battery.c:488: warning: unused variable 'rc2'
arch/arm/mach-msm/board-battery.c:475: warning: unused variable 'received_level'
arch/arm/mach-msm/board-battery.c: In function 'battery_init':
arch/arm/mach-msm/board-battery.c:1013: warning: unused variable 'rc'
arch/arm/mach-msm/board-battery.c: At top level:
arch/arm/mach-msm/board-battery.c:181: warning: 'charger_off' defined but not used
arch/arm/mach-msm/board-battery.c:391: warning: 'rpc_set_charger_on' defined but not used
arch/arm/mach-msm/board-battery.c:617: warning: 'prev_charger' defined but not used
  CC      arch/arm/mach-msm/board-rfkill.o
  CC      arch/arm/mach-msm/board-param.o
arch/arm/mach-msm/board-param.c: In function 'download_mode_show':
arch/arm/mach-msm/board-param.c:31: warning: no return statement in function returning non-void
arch/arm/mach-msm/board-param.c: In function 'download_mode_store':
arch/arm/mach-msm/board-param.c:52: warning: no return statement in function returning non-void
arch/arm/mach-msm/board-param.c: In function 'param_init':
arch/arm/mach-msm/board-param.c:70: warning: ignoring return value of 'device_create_file', declared with attribute warn_unused_result
arch/arm/mach-msm/board-param.c:71: warning: control reaches end of non-void function
  CC      arch/arm/mach-msm/board-rfkill1.o
  CC      arch/arm/mach-msm/fsa9480_i2c.o
arch/arm/mach-msm/fsa9480_i2c.c: In function 'fsa9480_ioctl':
arch/arm/mach-msm/fsa9480_i2c.c:186: warning: unused variable 'argp'
arch/arm/mach-msm/fsa9480_i2c.c: At top level:
arch/arm/mach-msm/fsa9480_i2c.c:250: warning: type defaults to 'int' in declaration of 'fsa_init_done'
arch/arm/mach-msm/fsa9480_i2c.c:314: warning: initialization from incompatible pointer type
  LD      arch/arm/mach-msm/built-in.o
  CC [M]  arch/arm/mach-msm/reset_modem.o
  CC [M]  arch/arm/mach-msm/dma_test.o
  CC      kernel/sched.o
  CC      kernel/fork.o
  CC      kernel/exec_domain.o
  CC      kernel/panic.o
kernel/panic.c: In function 'panic':
kernel/panic.c:129: warning: unused variable 'pos'
  CC      kernel/printk.o
  CC      kernel/cpu.o
  CC      kernel/exit.o
  CC      kernel/itimer.o
  TIMEC   kernel/timeconst.h
  CC      kernel/time.o
  CC      kernel/softirq.o
  CC      kernel/resource.o
  CC      kernel/sysctl.o
  CC      kernel/capability.o
  CC      kernel/ptrace.o
  CC      kernel/timer.o
  CC      kernel/user.o
  CC      kernel/signal.o
  CC      kernel/sys.o
  CC      kernel/kmod.o
  CC      kernel/workqueue.o
  CC      kernel/pid.o
  CC      kernel/rcupdate.o
  CC      kernel/extable.o
  CC      kernel/params.o
  CC      kernel/posix-timers.o
  CC      kernel/kthread.o
  CC      kernel/wait.o
  CC      kernel/kfifo.o
  CC      kernel/sys_ni.o
  CC      kernel/posix-cpu-timers.o
  CC      kernel/mutex.o
  CC      kernel/hrtimer.o
  CC      kernel/rwsem.o
  CC      kernel/nsproxy.o
  CC      kernel/srcu.o
  CC      kernel/semaphore.o
  CC      kernel/notifier.o
  CC      kernel/ksysfs.o
  CC      kernel/pm_qos_params.o
  CC      kernel/sched_clock.o
  CC      kernel/profile.o
  CC      kernel/stacktrace.o
  CC      kernel/irq/handle.o
  CC      kernel/irq/manage.o
  CC      kernel/irq/spurious.o
  CC      kernel/irq/resend.o
  CC      kernel/irq/chip.o
  CC      kernel/irq/devres.o
  CC      kernel/irq/autoprobe.o
  CC      kernel/irq/proc.o
  LD      kernel/irq/built-in.o
  CC      kernel/power/main.o
kernel/power/main.c: In function 'state_show':
kernel/power/main.c:490: warning: unused variable 'i'
kernel/power/main.c: In function 'state_store':
kernel/power/main.c:522: warning: initialization discards qualifiers from pointer target type
  CC      kernel/power/process.o
  CC      kernel/power/console.o
  CC      kernel/power/wakelock.o
  CC      kernel/power/userwakelock.o
  CC      kernel/power/earlysuspend.o
  CC      kernel/power/consoleearlysuspend.o
  CC      kernel/power/poweroff.o
  LD      kernel/power/built-in.o
  CC      kernel/time/timekeeping.o
  CC      kernel/time/ntp.o
  CC      kernel/time/clocksource.o
  CC      kernel/time/jiffies.o
  CC      kernel/time/timer_list.o
  CC      kernel/time/clockevents.o
  CC      kernel/time/tick-common.o
  CC      kernel/time/tick-oneshot.o
  CC      kernel/time/tick-sched.o
  LD      kernel/time/built-in.o
  CC      kernel/futex.o
  CC      kernel/rtmutex.o
  CC      kernel/uid16.o
  CC      kernel/module.o
  CC      kernel/kallsyms.o
  GZIP    kernel/config_data.gz
  IKCFG   kernel/config_data.h
  CC      kernel/configs.o
  CC      kernel/rcuclassic.o
  CC      kernel/utsname_sysctl.o
  CC      kernel/latencytop.o
  CC      kernel/dma-coherent.o
  LD      kernel/built-in.o
  CC      mm/bootmem.o
mm/bootmem.c: In function 'mark_bootmem':
mm/bootmem.c:321: warning: control reaches end of non-void function
  CC      mm/filemap.o
  CC      mm/mempool.o
  CC      mm/oom_kill.o
  CC      mm/fadvise.o
  CC      mm/maccess.o
  CC      mm/page_alloc.o
  CC      mm/page-writeback.o
  CC      mm/pdflush.o
  CC      mm/readahead.o
  CC      mm/swap.o
  CC      mm/truncate.o
  CC      mm/vmscan.o
  CC      mm/prio_tree.o
  CC      mm/util.o
  CC      mm/mmzone.o
  CC      mm/vmstat.o
  CC      mm/backing-dev.o
  CC      mm/page_isolation.o
  CC      mm/mm_init.o
  CC      mm/mem_notify.o
mm/mem_notify.c: In function '__memory_pressure_notify':
mm/mem_notify.c:82: warning: comparison of distinct pointer types lacks a cast
mm/mem_notify.c:82: warning: comparison of distinct pointer types lacks a cast
mm/mem_notify.c:120: warning: comparison of distinct pointer types lacks a cast
mm/mem_notify.c:120: warning: comparison of distinct pointer types lacks a cast
  CC      mm/fremap.o
  CC      mm/highmem.o
  CC      mm/madvise.o
  CC      mm/memory.o
  CC      mm/mincore.o
  CC      mm/mlock.o
  CC      mm/mmap.o
  CC      mm/mprotect.o
  CC      mm/mremap.o
  CC      mm/msync.o
  CC      mm/rmap.o
  CC      mm/vmalloc.o
  CC      mm/pagewalk.o
  CC      mm/bounce.o
  CC      mm/dmapool.o
  CC      mm/shmem.o
  CC      mm/ashmem.o
  CC      mm/slab.o
mm/slab.c: In function 'kfree':
mm/slab.c:3788: warning: passing argument 2 of '__cache_free' discards qualifiers from pointer target type
  LD      mm/built-in.o
  CC      fs/open.o
  CC      fs/read_write.o
  CC      fs/file_table.o
  CC      fs/super.o
  CC      fs/char_dev.o
  CC      fs/stat.o
  CC      fs/exec.o
  CC      fs/pipe.o
  CC      fs/namei.o
  CC      fs/fcntl.o
  CC      fs/ioctl.o
  CC      fs/readdir.o
  CC      fs/select.o
  CC      fs/fifo.o
  CC      fs/locks.o
  CC      fs/dcache.o
fs/dcache.c: In function 'd_materialise_unique':
fs/dcache.c:1877: warning: control reaches end of non-void function
  CC      fs/inode.o
  CC      fs/attr.o
  CC      fs/bad_inode.o
  CC      fs/file.o
  CC      fs/filesystems.o
  CC      fs/namespace.o
  CC      fs/aio.o
  CC      fs/seq_file.o
  CC      fs/xattr.o
  CC      fs/libfs.o
  CC      fs/fs-writeback.o
  CC      fs/pnode.o
  CC      fs/drop_caches.o
  CC      fs/splice.o
  CC      fs/sync.o
  CC      fs/utimes.o
  CC      fs/stack.o
  CC      fs/buffer.o
  CC      fs/bio.o
  CC      fs/block_dev.o
  CC      fs/direct-io.o
  CC      fs/mpage.o
  CC      fs/ioprio.o
  CC      fs/inotify.o
  CC      fs/inotify_user.o
  CC      fs/eventpoll.o
  CC      fs/anon_inodes.o
  CC      fs/signalfd.o
  CC      fs/timerfd.o
  CC      fs/eventfd.o
  CC      fs/binfmt_script.o
  CC      fs/binfmt_elf.o
  CC      fs/mbcache.o
  CC      fs/debugfs/inode.o
  CC      fs/debugfs/file.o
  LD      fs/debugfs/debugfs.o
  LD      fs/debugfs/built-in.o
  CC      fs/devpts/inode.o
  LD      fs/devpts/devpts.o
  LD      fs/devpts/built-in.o
  CC      fs/ext2/balloc.o
  CC      fs/ext2/dir.o
  CC      fs/ext2/file.o
  CC      fs/ext2/fsync.o
  CC      fs/ext2/ialloc.o
  CC      fs/ext2/inode.o
  CC      fs/ext2/ioctl.o
  CC      fs/ext2/namei.o
  CC      fs/ext2/super.o
  CC      fs/ext2/symlink.o
  CC      fs/ext2/xattr.o
  CC      fs/ext2/xattr_user.o
  CC      fs/ext2/xattr_trusted.o
  LD      fs/ext2/ext2.o
  LD      fs/ext2/built-in.o
  CC      fs/fat/cache.o
  CC      fs/fat/dir.o
  CC      fs/fat/fatent.o
  CC      fs/fat/file.o
  CC      fs/fat/inode.o
  CC      fs/fat/misc.o
  LD      fs/fat/fat.o
  LD      fs/fat/built-in.o
  CC      fs/lockd/clntlock.o
  CC      fs/lockd/clntproc.o
  CC      fs/lockd/host.o
  CC      fs/lockd/svc.o
  CC      fs/lockd/svclock.o
  CC      fs/lockd/svcshare.o
  CC      fs/lockd/svcproc.o
  CC      fs/lockd/svcsubs.o
  CC      fs/lockd/mon.o
  CC      fs/lockd/xdr.o
  CC      fs/lockd/xdr4.o
  CC      fs/lockd/svc4proc.o
  LD      fs/lockd/lockd.o
  LD      fs/lockd/built-in.o
  CC      fs/nfs/client.o
fs/nfs/client.c: In function 'nfs_sockaddr_match_ipaddr':
fs/nfs/client.c:251: warning: control reaches end of non-void function
  CC      fs/nfs/dir.o
  CC      fs/nfs/file.o
  CC      fs/nfs/getroot.o
  CC      fs/nfs/inode.o
  CC      fs/nfs/super.o
  CC      fs/nfs/nfs2xdr.o
  CC      fs/nfs/direct.o
  CC      fs/nfs/pagelist.o
  CC      fs/nfs/proc.o
  CC      fs/nfs/read.o
  CC      fs/nfs/symlink.o
  CC      fs/nfs/unlink.o
  CC      fs/nfs/write.o
  CC      fs/nfs/namespace.o
  CC      fs/nfs/mount_clnt.o
  CC      fs/nfs/nfs3proc.o
  CC      fs/nfs/nfs3xdr.o
  CC      fs/nfs/sysctl.o
  LD      fs/nfs/nfs.o
  LD      fs/nfs/built-in.o
  LD      fs/nfs_common/built-in.o
  CC      fs/nls/nls_base.o
  CC      fs/nls/nls_cp437.o
  CC      fs/nls/nls_cp949.o
  CC      fs/nls/nls_ascii.o
  CC      fs/nls/nls_iso8859-1.o
  LD      fs/nls/built-in.o
  CC      fs/partitions/check.o
  CC      fs/partitions/msdos.o
  LD      fs/partitions/built-in.o
  CC      fs/proc/mmu.o
  CC      fs/proc/task_mmu.o
  CC      fs/proc/inode.o
  CC      fs/proc/root.o
  CC      fs/proc/base.o
  CC      fs/proc/generic.o
  CC      fs/proc/array.o
  CC      fs/proc/proc_tty.o
  CC      fs/proc/proc_misc.o
  CC      fs/proc/proc_sysctl.o
  CC      fs/proc/proc_net.o
  CC      fs/proc/kmsg.o
  LD      fs/proc/proc.o
  LD      fs/proc/built-in.o
  CC      fs/ramfs/inode.o
  CC      fs/ramfs/file-mmu.o
  LD      fs/ramfs/ramfs.o
  LD      fs/ramfs/built-in.o
  CC      fs/sysfs/inode.o
  CC      fs/sysfs/file.o
  CC      fs/sysfs/dir.o
  CC      fs/sysfs/symlink.o
  CC      fs/sysfs/mount.o
  CC      fs/sysfs/bin.o
  CC      fs/sysfs/group.o
  LD      fs/sysfs/built-in.o
  CC      fs/vfat/namei.o
  LD      fs/vfat/vfat.o
  LD      fs/vfat/built-in.o
  CC      fs/yaffs2/yaffs_ecc.o
  CC      fs/yaffs2/yaffs_fs.o
  CC      fs/yaffs2/yaffs_guts.o
  CC      fs/yaffs2/yaffs_checkptrw.o
  CC      fs/yaffs2/yaffs_packedtags1.o
  CC      fs/yaffs2/yaffs_packedtags2.o
  CC      fs/yaffs2/yaffs_nand.o
  CC      fs/yaffs2/yaffs_qsort.o
  CC      fs/yaffs2/yaffs_tagscompat.o
  CC      fs/yaffs2/yaffs_tagsvalidity.o
  CC      fs/yaffs2/yaffs_mtdif.o
  CC      fs/yaffs2/yaffs_mtdif1.o
  CC      fs/yaffs2/yaffs_mtdif2.o
  LD      fs/yaffs2/yaffs.o
  LD      fs/yaffs2/built-in.o
  CC      fs/dnotify.o
  CC      fs/dcookies.o
  LD      fs/built-in.o
  CC      ipc/util.o
  CC      ipc/msgutil.o
  CC      ipc/msg.o
  CC      ipc/sem.o
  CC      ipc/shm.o
  CC      ipc/ipcns_notifier.o
  CC      ipc/ipc_sysctl.o
  LD      ipc/built-in.o
  CC      security/commoncap.o
  LD      security/built-in.o
  LD      crypto/built-in.o
  CC      block/elevator.o
  CC      block/blk-core.o
  CC      block/blk-tag.o
  CC      block/blk-sysfs.o
  CC      block/blk-barrier.o
  CC      block/blk-settings.o
  CC      block/blk-ioc.o
  CC      block/blk-map.o
  CC      block/blk-exec.o
  CC      block/blk-merge.o
  CC      block/ioctl.o
  CC      block/genhd.o
  CC      block/scsi_ioctl.o
  CC      block/cmd-filter.o
  CC      block/noop-iosched.o
  CC      block/as-iosched.o
  LD      block/built-in.o
  LD      drivers/auxdisplay/built-in.o
  CC      drivers/base/core.o
  CC      drivers/base/sys.o
  CC      drivers/base/bus.o
  CC      drivers/base/dd.o
  CC      drivers/base/driver.o
  CC      drivers/base/class.o
  CC      drivers/base/platform.o
  CC      drivers/base/cpu.o
  CC      drivers/base/firmware.o
  CC      drivers/base/init.o
  CC      drivers/base/map.o
  CC      drivers/base/devres.o
  CC      drivers/base/attribute_container.o
  CC      drivers/base/transport_class.o
  CC      drivers/base/power/sysfs.o
  CC      drivers/base/power/main.o
  LD      drivers/base/power/built-in.o
  CC      drivers/base/dma-mapping.o
  CC      drivers/base/module.o
  LD      drivers/base/built-in.o
  CC      drivers/block/brd.o
  CC      drivers/block/loop.o
  LD      drivers/block/built-in.o
  CC      drivers/bluetooth/hci_ldisc.o
  CC      drivers/bluetooth/hci_h4.o
  LD      drivers/bluetooth/hci_uart.o
  LD      drivers/bluetooth/built-in.o
  CC [M]  drivers/bluetooth/bluetooth-power.o
  LD      drivers/cdrom/built-in.o
  CC      drivers/char/mem.o
  CC      drivers/char/random.o
  CC      drivers/char/tty_io.o
  CC      drivers/char/n_tty.o
  CC      drivers/char/tty_ioctl.o
  CC      drivers/char/tty_ldisc.o
  CC      drivers/char/pty.o
  CC      drivers/char/misc.o
  CC      drivers/char/vt_ioctl.o
  CC      drivers/char/vc_screen.o
  CC      drivers/char/selection.o
  CC      drivers/char/keyboard.o
  CC      drivers/char/consolemap.o
  CONMK   drivers/char/consolemap_deftbl.c
  CC      drivers/char/consolemap_deftbl.o
  CC      drivers/char/vt.o
  SHIPPED drivers/char/defkeymap.c
  CC      drivers/char/defkeymap.o
  CC      drivers/char/sysrq.o
  CC      drivers/char/diag/diagchar_core.o
  CC      drivers/char/diag/diagchar_hdlc.o
  CC      drivers/char/diag/diagfwd.o
drivers/char/diag/diagfwd.c:441: warning: 'diag_smd_qdsp_notify' defined but not used
  CC      drivers/char/diag/diagmem.o
  LD      drivers/char/diag/diagchar.o
  LD      drivers/char/diag/built-in.o
  CC      drivers/char/dcc_tty.o
  LD      drivers/char/built-in.o
  LD      drivers/clocksource/built-in.o
  CC      drivers/cpufreq/cpufreq.o
  CC      drivers/cpufreq/cpufreq_stats.o
  CC      drivers/cpufreq/cpufreq_performance.o
  CC      drivers/cpufreq/cpufreq_powersave.o
  CC      drivers/cpufreq/cpufreq_userspace.o
  CC      drivers/cpufreq/cpufreq_ondemand.o
  CC      drivers/cpufreq/cpufreq_conservative.o
  CC      drivers/cpufreq/freq_table.o
  LD      drivers/cpufreq/built-in.o
  LD      drivers/dpram/built-in.o
  CC [M]  drivers/dpram/dpram.o
drivers/dpram/dpram.c:90:1: warning: multi-line comment
drivers/dpram/dpram.c: In function 'dpram_clear':
drivers/dpram/dpram.c:514: warning: format '%x' expects type 'unsigned int', but argument 4 has type 'volatile unsigned char *'
drivers/dpram/dpram.c: In function 'dpram_init_and_report':
drivers/dpram/dpram.c:534: warning: unused variable 'init_start'
drivers/dpram/dpram.c: In function 'dpram_phone_getstatus':
drivers/dpram/dpram.c:668: warning: no return statement in function returning non-void
drivers/dpram/dpram.c: In function 'dpram_phone_reset':
drivers/dpram/dpram.c:674: warning: unused variable 'phone_reset'
drivers/dpram/dpram.c: In function 'dpram_probe':
drivers/dpram/dpram.c:1740: warning: format '%x' expects type 'unsigned int', but argument 4 has type 'volatile unsigned char *'
drivers/dpram/dpram.c:1743: warning: format '%x' expects type 'unsigned int', but argument 4 has type 'volatile unsigned char *'
drivers/dpram/dpram.c: At top level:
drivers/dpram/dpram.c:1455: warning: 'phone_active_interrupt' defined but not used
drivers/dpram/dpram.c: In function 'READ_FROM_DPRAM_VERIFY':
drivers/dpram/dpram.c:347: warning: passing argument 2 of '_memcpy' discards qualifiers from pointer target type
drivers/dpram/dpram.c: In function 'WRITE_TO_DPRAM_VERIFY':
drivers/dpram/dpram.c:333: warning: passing argument 1 of '_memcpy' discards qualifiers from pointer target type
drivers/dpram/dpram.c: In function 'send_interrupt_to_phone':
drivers/dpram/dpram.c:358: warning: passing argument 1 of '_memcpy' discards qualifiers from pointer target type
drivers/dpram/dpram.c: In function 'dpram_mem_rw':
drivers/dpram/dpram.c:696: warning: passing argument 1 of '_memcpy' discards qualifiers from pointer target type
drivers/dpram/dpram.c:701: warning: passing argument 2 of '_memcpy' discards qualifiers from pointer target type
drivers/dpram/dpram.c: In function 'dpram_clear':
drivers/dpram/dpram.c:528: warning: passing argument 2 of '_memcpy' discards qualifiers from pointer target type
drivers/dpram/dpram.c: In function 'dpram_init_and_report':
drivers/dpram/dpram.c:558: warning: passing argument 1 of '_memcpy' discards qualifiers from pointer target type
drivers/dpram/dpram.c:562: warning: passing argument 1 of '_memcpy' discards qualifiers from pointer target type
drivers/dpram/dpram.c:571: warning: passing argument 1 of '_memcpy' discards qualifiers from pointer target type
drivers/dpram/dpram.c: In function 'print_smem':
drivers/dpram/dpram.c:715: warning: passing argument 2 of '_memcpy' discards qualifiers from pointer target type
drivers/dpram/dpram.c:716: warning: passing argument 2 of '_memcpy' discards qualifiers from pointer target type
drivers/dpram/dpram.c:717: warning: passing argument 2 of '_memcpy' discards qualifiers from pointer target type
drivers/dpram/dpram.c:718: warning: passing argument 2 of '_memcpy' discards qualifiers from pointer target type
drivers/dpram/dpram.c:719: warning: passing argument 2 of '_memcpy' discards qualifiers from pointer target type
drivers/dpram/dpram.c:720: warning: passing argument 2 of '_memcpy' discards qualifiers from pointer target type
drivers/dpram/dpram.c:721: warning: passing argument 2 of '_memcpy' discards qualifiers from pointer target type
drivers/dpram/dpram.c:722: warning: passing argument 2 of '_memcpy' discards qualifiers from pointer target type
drivers/dpram/dpram.c:723: warning: passing argument 2 of '_memcpy' discards qualifiers from pointer target type
drivers/dpram/dpram.c:724: warning: passing argument 2 of '_memcpy' discards qualifiers from pointer target type
drivers/dpram/dpram.c:725: warning: passing argument 2 of '_memcpy' discards qualifiers from pointer target type
drivers/dpram/dpram.c:726: warning: passing argument 2 of '_memcpy' discards qualifiers from pointer target type
drivers/dpram/dpram.c:727: warning: passing argument 2 of '_memcpy' discards qualifiers from pointer target type
drivers/dpram/dpram.c: In function 'dpram_phone_reset':
drivers/dpram/dpram.c:679: warning: passing argument 1 of '_memcpy' discards qualifiers from pointer target type
drivers/dpram/dpram.c: In function 'dpram_write':
drivers/dpram/dpram.c:386: warning: passing argument 1 of '_memcpy' discards qualifiers from pointer target type
drivers/dpram/dpram.c:395: warning: passing argument 1 of '_memcpy' discards qualifiers from pointer target type
drivers/dpram/dpram.c:404: warning: passing argument 1 of '_memcpy' discards qualifiers from pointer target type
drivers/dpram/dpram.c:410: warning: passing argument 1 of '_memcpy' discards qualifiers from pointer target type
drivers/dpram/dpram.c: In function 'cmd_error_display_handler':
drivers/dpram/dpram.c:1285: warning: passing argument 2 of '_memcpy' discards qualifiers from pointer target type
drivers/dpram/dpram.c: In function 'dpram_interrupt':
drivers/dpram/dpram.c:1429: warning: passing argument 2 of '_memcpy' discards qualifiers from pointer target type
drivers/dpram/dpram.c: In function 'dpram_read_proc':
drivers/dpram/dpram.c:770: warning: passing argument 2 of '_memcpy' discards qualifiers from pointer target type
drivers/dpram/dpram.c:771: warning: passing argument 2 of '_memcpy' discards qualifiers from pointer target type
drivers/dpram/dpram.c:773: warning: passing argument 2 of '_memcpy' discards qualifiers from pointer target type
drivers/dpram/dpram.c:775: warning: passing argument 2 of '_memcpy' discards qualifiers from pointer target type
drivers/dpram/dpram.c:777: warning: passing argument 2 of '_memcpy' discards qualifiers from pointer target type
drivers/dpram/dpram.c:779: warning: passing argument 2 of '_memcpy' discards qualifiers from pointer target type
drivers/dpram/dpram.c:782: warning: passing argument 2 of '_memcpy' discards qualifiers from pointer target type
drivers/dpram/dpram.c:784: warning: passing argument 2 of '_memcpy' discards qualifiers from pointer target type
drivers/dpram/dpram.c:786: warning: passing argument 2 of '_memcpy' discards qualifiers from pointer target type
drivers/dpram/dpram.c:788: warning: passing argument 2 of '_memcpy' discards qualifiers from pointer target type
drivers/dpram/dpram.c:791: warning: passing argument 2 of '_memcpy' discards qualifiers from pointer target type
drivers/dpram/dpram.c:793: warning: passing argument 2 of '_memcpy' discards qualifiers from pointer target type
  CC [M]  drivers/dpram/multipdp.o
drivers/dpram/multipdp.c:774: warning: 'vs_break_ctl' defined but not used
  LD      drivers/firmware/built-in.o
  LD      drivers/gpio/built-in.o
  LD      drivers/gpu/drm/built-in.o
  LD      drivers/gpu/built-in.o
  CC      drivers/hid/hid-core.o
  CC      drivers/hid/hid-input.o
  CC      drivers/hid/hid-input-quirks.o
  LD      drivers/hid/hid.o
  LD      drivers/hid/built-in.o
  CC      drivers/i2c/i2c-boardinfo.o
  CC      drivers/i2c/i2c-core.o
  CC      drivers/i2c/i2c-dev.o
  CC      drivers/i2c/algos/i2c-algo-bit.o
  LD      drivers/i2c/algos/built-in.o
  CC      drivers/i2c/busses/i2c-gpio.o
  CC      drivers/i2c/busses/i2c-msm.o
  LD      drivers/i2c/busses/built-in.o
  CC      drivers/i2c/chips/max9877.o
drivers/i2c/chips/max9877.c: In function 'max9877_ioctl':
drivers/i2c/chips/max9877.c:347: warning: passing argument 2 of 'max9877_i2c_read' from incompatible pointer type
drivers/i2c/chips/max9877.c: At top level:
drivers/i2c/chips/max9877.c:901: warning: initialization from incompatible pointer type
drivers/i2c/chips/max9877.c:904: warning: initialization from incompatible pointer type
drivers/i2c/chips/max9877.c:905: warning: initialization from incompatible pointer type
  CC      drivers/i2c/chips/akm8973.o
  CC      drivers/i2c/chips/bma150.o
drivers/i2c/chips/bma150.c:1063: warning: initialization from incompatible pointer type
drivers/i2c/chips/bma150.c:1064: warning: initialization from incompatible pointer type
drivers/i2c/chips/bma150.c: In function 'bma150_init':
drivers/i2c/chips/bma150.c:1073: warning: ISO C90 forbids mixed declarations and code
  CC      drivers/i2c/chips/proximity.o
drivers/i2c/chips/proximity.c: In function 'proximity_i2c_read':
drivers/i2c/chips/proximity.c:135: warning: passing argument 1 of 'proximity_i2c_rx_data' from incompatible pointer type
drivers/i2c/chips/proximity.c: In function 'proximity_ioctl':
drivers/i2c/chips/proximity.c:216: warning: unused variable 'argp'
drivers/i2c/chips/proximity.c: In function 'proximity_i2c_sensor_init':
drivers/i2c/chips/proximity.c:247: warning: unused variable 'auto_value'
drivers/i2c/chips/proximity.c:246: warning: unused variable 'rc'
drivers/i2c/chips/proximity.c:245: warning: unused variable 'i'
drivers/i2c/chips/proximity.c: In function 'proximity_probe':
drivers/i2c/chips/proximity.c:317: warning: ISO C90 forbids mixed declarations and code
drivers/i2c/chips/proximity.c:360: warning: passing argument 2 of 'proximity_i2c_read' from incompatible pointer type
drivers/i2c/chips/proximity.c: In function 'proximity_mt_work_func':
drivers/i2c/chips/proximity.c:421: warning: passing argument 2 of 'proximity_i2c_read' from incompatible pointer type
drivers/i2c/chips/proximity.c: At top level:
drivers/i2c/chips/proximity.c:499: warning: initialization from incompatible pointer type
drivers/i2c/chips/proximity.c:501: warning: initialization from incompatible pointer type
drivers/i2c/chips/proximity.c:502: warning: initialization from incompatible pointer type
drivers/i2c/chips/proximity.c: In function 'proximity_file_cmd_store':
drivers/i2c/chips/proximity.c:540: warning: unused variable 'ret'
drivers/i2c/chips/proximity.c: In function 'proximity_file_cmd_show':
drivers/i2c/chips/proximity.c:535: warning: 'value' is used uninitialized in this function
  CC      drivers/i2c/chips/lightsensor.o
  LD      drivers/i2c/chips/built-in.o
  LD      drivers/i2c/built-in.o
  LD      drivers/ieee1394/built-in.o
  CC      drivers/input/input.o
  CC      drivers/input/ff-core.o
  LD      drivers/input/input-core.o
  CC      drivers/input/evdev.o
  CC      drivers/input/keyboard/atkbd.o
  LD      drivers/input/keyboard/built-in.o
  CC      drivers/input/misc/uinput.o
  CC      drivers/input/misc/gpio_event.o
  CC      drivers/input/misc/gpio_matrix.o
  CC      drivers/input/misc/gpio_input.o
  CC      drivers/input/misc/gpio_output.o
  CC      drivers/input/misc/gpio_axis.o
  LD      drivers/input/misc/built-in.o
  CC      drivers/input/touchscreen/melfas_i2c_tsi.o
drivers/input/touchscreen/melfas_i2c_tsi.c: In function 'melfas_ts_work_func':
drivers/input/touchscreen/melfas_i2c_tsi.c:991: warning: unused variable 'count'
drivers/input/touchscreen/melfas_i2c_tsi.c: In function 'melfas_ts_probe':
drivers/input/touchscreen/melfas_i2c_tsi.c:1210: warning: ISO C90 forbids mixed declarations and code
drivers/input/touchscreen/melfas_i2c_tsi.c:1210: warning: unused variable 'version_id'
drivers/input/touchscreen/melfas_i2c_tsi.c: In function 'melfas_ts_suspend':
drivers/input/touchscreen/melfas_i2c_tsi.c:1295: warning: unused variable 'rc'
drivers/input/touchscreen/melfas_i2c_tsi.c: In function 'melfas_ts_resume':
drivers/input/touchscreen/melfas_i2c_tsi.c:1321: warning: unused variable 'rc'
drivers/input/touchscreen/melfas_i2c_tsi.c: At top level:
drivers/input/touchscreen/melfas_i2c_tsi.c:1369: warning: initialization from incompatible pointer type
  LD      drivers/input/touchscreen/built-in.o
  LD      drivers/input/built-in.o
  CC      drivers/input/serio/serio.o
  CC      drivers/input/serio/serport.o
  CC      drivers/input/serio/libps2.o
  LD      drivers/input/serio/built-in.o
  CC      drivers/leds/led-core.o
  CC      drivers/leds/led-class.o
  CC      drivers/leds/led-triggers.o
  CC      drivers/leds/leds-cpld.o
drivers/leds/leds-cpld.c: In function 'CPLD_LED_init':
drivers/leds/leds-cpld.c:391: warning: unused variable 'rc'
  CC      drivers/leds/ledtrig-timer.o
  CC      drivers/leds/ledtrig-heartbeat.o
  CC      drivers/leds/ledtrig-default-on.o
  LD      drivers/leds/built-in.o
  LD      drivers/lguest/built-in.o
  LD      drivers/macintosh/built-in.o
  CC      drivers/media/common/tuners/tuner-xc2028.o
  CC      drivers/media/common/tuners/tuner-simple.o
  CC      drivers/media/common/tuners/tuner-types.o
  CC      drivers/media/common/tuners/mt20xx.o
  CC      drivers/media/common/tuners/tda8290.o
  CC      drivers/media/common/tuners/tea5767.o
  CC      drivers/media/common/tuners/tea5761.o
  CC      drivers/media/common/tuners/tda9887.o
  CC      drivers/media/common/tuners/xc5000.o
  LD      drivers/media/common/tuners/built-in.o
  LD      drivers/media/common/built-in.o
  LD      drivers/media/radio/built-in.o
  CC      drivers/media/video/v4l2-dev.o
  CC      drivers/media/video/v4l2-ioctl.o
  LD      drivers/media/video/videodev.o
  CC      drivers/media/video/compat_ioctl32.o
  CC      drivers/media/video/v4l2-int-device.o
  CC      drivers/media/video/v4l2-common.o
  CC      drivers/media/video/v4l1-compat.o
  CC      drivers/media/video/msm_camera.o
drivers/media/video/msm_camera.c: In function 'msm_camera_pict_snapshot_pending':
drivers/media/video/msm_camera.c:1226: warning: format '%s' expects type 'char *', but argument 2 has type 'unsigned int'
drivers/media/video/msm_camera.c:1226: warning: too few arguments for format
  CC      drivers/media/video/msm_camera_probe.o
  CC      drivers/media/video/msm_v4l2.o
  CC      drivers/media/video/msm/mt9d112.o
  CC      drivers/media/video/msm/mt9d112_reg.o
  CC      drivers/media/video/msm/flash.o
  CC      drivers/media/video/msm/msm_vfe7x.o
  CC      drivers/media/video/msm/msm_io7x.o
  CC      drivers/media/video/msm/sec_m4mo.o
drivers/media/video/msm/sec_m4mo.c: In function 'm4mo_i2c_write_8bit':
drivers/media/video/msm/sec_m4mo.c:127: warning: ISO C90 forbids mixed declarations and code
drivers/media/video/msm/sec_m4mo.c: In function 'm4mo_i2c_write_8bit_external':
drivers/media/video/msm/sec_m4mo.c:152: warning: ISO C90 forbids mixed declarations and code
drivers/media/video/msm/sec_m4mo.c: In function 'm4mo_i2c_write_16bit':
drivers/media/video/msm/sec_m4mo.c:174: warning: ISO C90 forbids mixed declarations and code
drivers/media/video/msm/sec_m4mo.c: In function 'm4mo_i2c_write_32bit':
drivers/media/video/msm/sec_m4mo.c:197: warning: ISO C90 forbids mixed declarations and code
drivers/media/video/msm/sec_m4mo.c: In function 'm4mo_i2c_write_memory':
drivers/media/video/msm/sec_m4mo.c:218: warning: ISO C90 forbids mixed declarations and code
drivers/media/video/msm/sec_m4mo.c: In function 'cam_pm_lp8720_i2c_write':
drivers/media/video/msm/sec_m4mo.c:350: warning: ISO C90 forbids mixed declarations and code
drivers/media/video/msm/sec_m4mo.c: In function 'm4mo_set_sensor_mode':
drivers/media/video/msm/sec_m4mo.c:454: warning: passing argument 3 of 'm4mo_i2c_read' from incompatible pointer type
drivers/media/video/msm/sec_m4mo.c:510: warning: passing argument 3 of 'm4mo_i2c_read' from incompatible pointer type
drivers/media/video/msm/sec_m4mo.c: At top level:
drivers/media/video/msm/sec_m4mo.c:653: warning: function declaration isn't a prototype
drivers/media/video/msm/sec_m4mo.c:1079: warning: initialization from incompatible pointer type
drivers/media/video/msm/sec_m4mo.c: In function 'm4mo_probe_init':
drivers/media/video/msm/sec_m4mo.c:1136: warning: unused variable 'info'
drivers/media/video/msm/sec_m4mo.c: In function 'msgProcess_AutoFocus':
drivers/media/video/msm/sec_m4mo.c:1203: warning: passing argument 3 of 'm4mo_i2c_read' from incompatible pointer type
drivers/media/video/msm/sec_m4mo.c:1223: warning: passing argument 3 of 'm4mo_i2c_read' from incompatible pointer type
drivers/media/video/msm/sec_m4mo.c:1260: warning: passing argument 3 of 'm4mo_i2c_read' from incompatible pointer type
drivers/media/video/msm/sec_m4mo.c:1281: warning: passing argument 3 of 'm4mo_i2c_read' from incompatible pointer type
drivers/media/video/msm/sec_m4mo.c:1181: warning: unused variable 'rc'
drivers/media/video/msm/sec_m4mo.c: In function 'msgProcess_Brightness':
drivers/media/video/msm/sec_m4mo.c:1432: warning: unused variable 'rc'
drivers/media/video/msm/sec_m4mo.c: In function 'msgProcess_WB':
drivers/media/video/msm/sec_m4mo.c:1607: warning: unused variable 'rc'
drivers/media/video/msm/sec_m4mo.c: In function 'msgProcess_Effect':
drivers/media/video/msm/sec_m4mo.c:1671: warning: passing argument 3 of 'm4mo_i2c_read' from incompatible pointer type
drivers/media/video/msm/sec_m4mo.c:1681: warning: passing argument 3 of 'm4mo_i2c_read' from incompatible pointer type
drivers/media/video/msm/sec_m4mo.c:1688: warning: passing argument 3 of 'm4mo_i2c_read' from incompatible pointer type
drivers/media/video/msm/sec_m4mo.c:1699: warning: passing argument 3 of 'm4mo_i2c_read' from incompatible pointer type
drivers/media/video/msm/sec_m4mo.c:1891: warning: passing argument 3 of 'm4mo_i2c_read' from incompatible pointer type
drivers/media/video/msm/sec_m4mo.c:1900: warning: passing argument 3 of 'm4mo_i2c_read' from incompatible pointer type
drivers/media/video/msm/sec_m4mo.c:1799: warning: label 'defaut' defined but not used
drivers/media/video/msm/sec_m4mo.c: In function 'msgProcess_ISO':
drivers/media/video/msm/sec_m4mo.c:1912: warning: unused variable 'rc'
drivers/media/video/msm/sec_m4mo.c: In function 'msgProcess_Metering':
drivers/media/video/msm/sec_m4mo.c:1974: warning: unused variable 'rc'
drivers/media/video/msm/sec_m4mo.c: In function 'msgProcess_Contrast':
drivers/media/video/msm/sec_m4mo.c:2016: warning: passing argument 3 of 'm4mo_i2c_read' from incompatible pointer type
drivers/media/video/msm/sec_m4mo.c:2025: warning: passing argument 3 of 'm4mo_i2c_read' from incompatible pointer type
drivers/media/video/msm/sec_m4mo.c:2055: warning: passing argument 3 of 'm4mo_i2c_read' from incompatible pointer type
drivers/media/video/msm/sec_m4mo.c:2064: warning: passing argument 3 of 'm4mo_i2c_read' from incompatible pointer type
drivers/media/video/msm/sec_m4mo.c: In function 'msgProcess_Saturation':
drivers/media/video/msm/sec_m4mo.c:2076: warning: unused variable 'rc'
drivers/media/video/msm/sec_m4mo.c: In function 'msgProcess_WDR':
drivers/media/video/msm/sec_m4mo.c:2144: warning: unused variable 'rc'
drivers/media/video/msm/sec_m4mo.c: In function 'm4mo_i2c_read_8bit_from_apps':
drivers/media/video/msm/sec_m4mo.c:2193: warning: passing argument 3 of 'm4mo_i2c_read' from incompatible pointer type
drivers/media/video/msm/sec_m4mo.c:2188: warning: ignoring return value of 'copy_from_user', declared with attribute warn_unused_result
drivers/media/video/msm/sec_m4mo.c:2202: warning: ignoring return value of 'copy_to_user', declared with attribute warn_unused_result
drivers/media/video/msm/sec_m4mo.c: In function 'm4mo_memory_read':
drivers/media/video/msm/sec_m4mo.c:2212: warning: unused variable 'ctrl_info'
drivers/media/video/msm/sec_m4mo.c:2211: warning: unused variable 'rc'
drivers/media/video/msm/sec_m4mo.c:2211: warning: unused variable 'read_value'
drivers/media/video/msm/sec_m4mo.c: In function 'm4mo_i2c_write_8bit_from_apps':
drivers/media/video/msm/sec_m4mo.c:2244: warning: ignoring return value of 'copy_from_user', declared with attribute warn_unused_result
drivers/media/video/msm/sec_m4mo.c: In function 'm4mo_i2c_write_16bit_from_apps':
drivers/media/video/msm/sec_m4mo.c:2262: warning: ignoring return value of 'copy_from_user', declared with attribute warn_unused_result
drivers/media/video/msm/sec_m4mo.c: In function 'm4mo_i2c_write_32bit_from_apps':
drivers/media/video/msm/sec_m4mo.c:2279: warning: ignoring return value of 'copy_from_user', declared with attribute warn_unused_result
drivers/media/video/msm/sec_m4mo.c: In function 'm4mo_i2c_write_memory_from_apps':
drivers/media/video/msm/sec_m4mo.c:2304: warning: ignoring return value of 'copy_from_user', declared with attribute warn_unused_result
drivers/media/video/msm/sec_m4mo.c: In function 'pgh_command':
drivers/media/video/msm/sec_m4mo.c:2357: warning: unused variable 'ctrl_info'
drivers/media/video/msm/sec_m4mo.c:2355: warning: unused variable 'zoom'
drivers/media/video/msm/sec_m4mo.c:2353: warning: unused variable 'size'
drivers/media/video/msm/sec_m4mo.c:2353: warning: unused variable 'rc'
drivers/media/video/msm/sec_m4mo.c:2353: warning: unused variable 'cam_status'
drivers/media/video/msm/sec_m4mo.c: In function 'pgh_msg':
drivers/media/video/msm/sec_m4mo.c:2427: warning: ignoring return value of 'copy_from_user', declared with attribute warn_unused_result
drivers/media/video/msm/sec_m4mo.c: At top level:
drivers/media/video/msm/sec_m4mo.c:407: warning: 'cam_pm_lp8720_i2c_read' defined but not used
  LD      drivers/media/video/msm/built-in.o
  LD      drivers/media/video/built-in.o
  LD      drivers/media/built-in.o
  LD      drivers/mfd/built-in.o
  CC      drivers/misc/pmem.o
  CC      drivers/misc/timed_output.o
  CC      drivers/misc/timed_gpio.o
  CC      drivers/misc/binder.o
  CC      drivers/misc/kernel_debugger.o
  CC      drivers/misc/logger.o
  CC      drivers/misc/lowmemorykiller.o
  LD      drivers/misc/built-in.o
  CC [M]  drivers/misc/logger_test.o
  CC      drivers/mmc/card/block.o
  CC      drivers/mmc/card/queue.o
  LD      drivers/mmc/card/mmc_block.o
  LD      drivers/mmc/card/built-in.o
  CC      drivers/mmc/core/core.o
  CC      drivers/mmc/core/bus.o
  CC      drivers/mmc/core/host.o
  CC      drivers/mmc/core/mmc.o
  CC      drivers/mmc/core/mmc_ops.o
  CC      drivers/mmc/core/sd.o
  CC      drivers/mmc/core/sd_ops.o
  CC      drivers/mmc/core/sdio.o
  CC      drivers/mmc/core/sdio_ops.o
  CC      drivers/mmc/core/sdio_bus.o
  CC      drivers/mmc/core/sdio_cis.o
  CC      drivers/mmc/core/sdio_io.o
  CC      drivers/mmc/core/sdio_irq.o
  CC      drivers/mmc/core/debugfs.o
  LD      drivers/mmc/core/mmc_core.o
  LD      drivers/mmc/core/built-in.o
  CC      drivers/mmc/host/msm_sdcc.o
drivers/mmc/host/msm_sdcc.c: In function 'msmsdcc_probe':
drivers/mmc/host/msm_sdcc.c:1108: warning: passing argument 1 of 'plat->translate_vdd' makes pointer from integer without a cast
drivers/mmc/host/msm_sdcc.c: In function 'msmsdcc_remove':
drivers/mmc/host/msm_sdcc.c:1343: warning: passing argument 1 of 'plat->translate_vdd' makes pointer from integer without a cast
drivers/mmc/host/msm_sdcc.c: In function 'msmsdcc_suspend':
drivers/mmc/host/msm_sdcc.c:1375: warning: passing argument 1 of 'plat->translate_vdd' makes pointer from integer without a cast
drivers/mmc/host/msm_sdcc.c: In function 'msmsdcc_resume':
drivers/mmc/host/msm_sdcc.c:1405: warning: passing argument 1 of 'plat->translate_vdd' makes pointer from integer without a cast
  LD      drivers/mmc/host/built-in.o
  LD      drivers/mmc/built-in.o
  CC      drivers/mtd/mtdcore.o
  CC      drivers/mtd/mtdsuper.o
  CC      drivers/mtd/mtdpart.o
  LD      drivers/mtd/mtd.o
  CC      drivers/mtd/cmdlinepart.o
  CC      drivers/mtd/mtdchar.o
  CC      drivers/mtd/mtd_blkdevs.o
  CC      drivers/mtd/mtdblock.o
  CC      drivers/mtd/chips/chipreg.o
  LD      drivers/mtd/chips/built-in.o
  CC      drivers/mtd/devices/msm_nand.o
drivers/mtd/devices/msm_nand.c:3067:11: warning: missing terminating " character
drivers/mtd/devices/msm_nand.c:3068:12: warning: missing terminating " character
  CC      drivers/mtd/devices/phy_msm_nand.o
drivers/mtd/devices/phy_msm_nand.c:19: warning: type defaults to 'int' in declaration of 'read_config_with_ecc'
drivers/mtd/devices/phy_msm_nand.c: In function 'dmov_prep_ch':
drivers/mtd/devices/phy_msm_nand.c:65: warning: assignment makes integer from pointer without a cast
drivers/mtd/devices/phy_msm_nand.c:66: warning: assignment makes integer from pointer without a cast
drivers/mtd/devices/phy_msm_nand.c:67: warning: assignment makes integer from pointer without a cast
drivers/mtd/devices/phy_msm_nand.c:68: warning: assignment makes integer from pointer without a cast
drivers/mtd/devices/phy_msm_nand.c:113:5: warning: "VERBOSE" is not defined
drivers/mtd/devices/phy_msm_nand.c: In function 'mark_jtag_download_mode':
drivers/mtd/devices/phy_msm_nand.c:171: warning: no return statement in function returning non-void
drivers/mtd/devices/phy_msm_nand.c: At top level:
drivers/mtd/devices/phy_msm_nand.c:172: warning: data definition has no type or storage class
drivers/mtd/devices/phy_msm_nand.c:172: warning: type defaults to 'int' in declaration of 'EXPORT_SYMBOL'
drivers/mtd/devices/phy_msm_nand.c:172: warning: parameter names (without types) in function declaration
drivers/mtd/devices/phy_msm_nand.c:230:5: warning: "VERBOSE" is not defined
drivers/mtd/devices/phy_msm_nand.c:234:5: warning: "PRINTINFO" is not defined
drivers/mtd/devices/phy_msm_nand.c:429:5: warning: "VERBOSE" is not defined
  LD      drivers/mtd/devices/built-in.o
  LD      drivers/mtd/maps/built-in.o
  LD      drivers/mtd/nand/built-in.o
  LD      drivers/mtd/onenand/built-in.o
  LD      drivers/mtd/built-in.o
  CC      drivers/net/mii.o
  CC      drivers/net/Space.o
  CC      drivers/net/loopback.o
  CC      drivers/net/slip.o
  CC      drivers/net/slhc.o
  CC      drivers/net/smc91x.o
drivers/net/smc91x.c: In function 'smc_request_attrib':
drivers/net/smc91x.c:2086: warning: unused variable 'lp'
drivers/net/smc91x.c: In function 'smc_release_attrib':
drivers/net/smc91x.c:2101: warning: unused variable 'lp'
  LD      drivers/net/arm/built-in.o
  LD      drivers/net/wireless/built-in.o
  LD      drivers/net/wireless/broadcom/built-in.o
  CC [M]  drivers/net/wireless/broadcom/src/dhd/sys/dhd_linux.o
  CC [M]  drivers/net/wireless/broadcom/src/shared/bcmutils.o
  CC [M]  drivers/net/wireless/broadcom/src/dhd/sys/dhd_common.o
  CC [M]  drivers/net/wireless/broadcom/src/shared/siutils.o
  CC [M]  drivers/net/wireless/broadcom/src/shared/sbutils.o
  CC [M]  drivers/net/wireless/broadcom/src/shared/aiutils.o
  CC [M]  drivers/net/wireless/broadcom/src/shared/hndpmu.o
  CC [M]  drivers/net/wireless/broadcom/src/wl/sys/wl_iw.o
  CC [M]  drivers/net/wireless/broadcom/src/shared/bcmwifi.o
  CC [M]  drivers/net/wireless/broadcom/src/dhd/sys/dhd_cdc.o
  CC [M]  drivers/net/wireless/broadcom/src/dhd/sys/dhd_linux_sched.o
  CC [M]  drivers/net/wireless/broadcom/src/dhd/sys/dhd_sdio.o
  CC [M]  drivers/net/wireless/broadcom/src/bcmsdio/sys/bcmsdh_sdmmc.o
  CC [M]  drivers/net/wireless/broadcom/src/bcmsdio/sys/bcmsdh.o
  CC [M]  drivers/net/wireless/broadcom/src/bcmsdio/sys/bcmsdh_linux.o
  CC [M]  drivers/net/wireless/broadcom/src/bcmsdio/sys/bcmsdh_sdmmc_linux.o
  CC [M]  drivers/net/wireless/broadcom/src/shared/linux_osl.o
  LD [M]  drivers/net/wireless/broadcom/bcm4325.o
  LD      drivers/net/built-in.o
  CC      drivers/power/power_supply_core.o
  CC      drivers/power/power_supply_sysfs.o
  CC      drivers/power/power_supply_leds.o
  LD      drivers/power/power_supply.o
  LD      drivers/power/built-in.o
  CC      drivers/rtc/rtc-lib.o
  CC      drivers/rtc/hctosys.o
  CC      drivers/rtc/class.o
  CC      drivers/rtc/interface.o
  CC      drivers/rtc/alarm.o
  CC      drivers/rtc/rtc-dev.o
  CC      drivers/rtc/rtc-proc.o
  CC      drivers/rtc/rtc-sysfs.o
  LD      drivers/rtc/rtc-core.o
  CC      drivers/rtc/rtc-msm.o
  LD      drivers/rtc/built-in.o
  CC      drivers/serial/serial_core.o
  CC      drivers/serial/msm_serial.o
drivers/serial/msm_serial.c: In function 'msm_console_setup':
drivers/serial/msm_serial.c:907: warning: 'return' with no value, in function returning non-void
  CC      drivers/serial/msm_serial_debugger.o
  CC      drivers/serial/msm_serial_hs.o
  LD      drivers/serial/built-in.o
  CC      drivers/switch/switch_class.o
  CC      drivers/switch/switch_gpio.o
  LD      drivers/switch/built-in.o
  CC      drivers/usb/function/msm_hsusb.o
drivers/usb/function/msm_hsusb.c: In function 'usb_start':
drivers/usb/function/msm_hsusb.c:1910: warning: unused variable 'ret'
drivers/usb/function/msm_hsusb.c: At top level:
drivers/usb/function/msm_hsusb.c:2910: warning: function declaration isn't a prototype
drivers/usb/function/msm_hsusb.c:2260: warning: 'usb_do_work_check_vbus' defined but not used
  CC      drivers/usb/function/adb.o
  CC      drivers/usb/function/mass_storage.o
  CC      drivers/usb/function/diag.o
drivers/usb/function/diag.c: In function 'diag_alloc_req_entry':
drivers/usb/function/diag.c:359: warning: return makes pointer from integer without a cast
drivers/usb/function/diag.c:365: warning: return makes pointer from integer without a cast
  CC      drivers/usb/function/serial.o
drivers/usb/function/serial.c:307: warning: initialization from incompatible pointer type
drivers/usb/function/serial.c:314: warning: initialization from incompatible pointer type
drivers/usb/function/serial.c: In function 'gs_unbind':
drivers/usb/function/serial.c:1580: warning: unused variable 'i'
drivers/usb/function/serial.c: At top level:
drivers/usb/function/serial.c:1954: warning: 'gs_alloc_req_entry' defined but not used
  LD      drivers/usb/function/built-in.o
  CC      drivers/video/fb_notify.o
  CC      drivers/video/fbmem.o
  CC      drivers/video/fbmon.o
  CC      drivers/video/fbcmap.o
  CC      drivers/video/fbsysfs.o
  CC      drivers/video/modedb.o
  CC      drivers/video/fbcvt.o
  LD      drivers/video/fb.o
  CC      drivers/video/backlight/lcd.o
  CC      drivers/video/backlight/backlight.o
  LD      drivers/video/backlight/built-in.o
  CC      drivers/video/console/dummycon.o
  CC      drivers/video/console/fbcon.o
  CC      drivers/video/console/bitblit.o
  CC      drivers/video/console/fonts.o
  CC      drivers/video/console/font_8x8.o
  CC      drivers/video/console/font_8x16.o
  LD      drivers/video/console/font.o
  CC      drivers/video/console/softcursor.o
  CC      drivers/video/console/tileblit.o
  LD      drivers/video/console/built-in.o
  LD      drivers/video/display/built-in.o
  CC      drivers/video/msm/msm_fb.o
drivers/video/msm/msm_fb.c: In function 'msm_fb_register':
drivers/video/msm/msm_fb.c:1059: warning: function declaration isn't a prototype
drivers/video/msm/msm_fb.c: In function 'msm_fb_open':
drivers/video/msm/msm_fb.c:1236: warning: function declaration isn't a prototype
drivers/video/msm/msm_fb.c: In function 'msm_fb_pan_display':
drivers/video/msm/msm_fb.c:1285: warning: unused variable 'mfd'
drivers/video/msm/msm_fb.c: At top level:
drivers/video/msm/msm_fb_progress.h:7: warning: 'progress_bar' defined but not used
drivers/video/msm/msm_fb.c:803: warning: 'msm_fb_blank' defined but not used
  CC      drivers/video/msm/logo.o
  CC      drivers/video/msm/msm_fb_progress.o
drivers/video/msm/msm_fb_progress.c: In function 'msm_fb_start_progress':
drivers/video/msm/msm_fb_progress.c:139: warning: 'return' with a value, in function returning void
drivers/video/msm/msm_fb_progress.c:127: warning: unused variable 'err'
drivers/video/msm/msm_fb_progress.c:127: warning: unused variable 'fd'
drivers/video/msm/msm_fb_progress.c: At top level:
drivers/video/msm/msm_fb_progress.c:24: warning: 'progress_flag' defined but not used
  CC      drivers/video/msm/msm_fb_bl.o
  CC      drivers/video/msm/mdp.o
  CC      drivers/video/msm/mdp_hw_init.o
  CC      drivers/video/msm/mdp_ppp.o
  CC      drivers/video/msm/mdp_ppp_v20.o
  CC      drivers/video/msm/mdp_dma.o
drivers/video/msm/mdp_dma.c:115:42: warning: "CONFIG_SAMSUNG_UNIV" is not defined
  CC      drivers/video/msm/mdp_dma_s.o
  CC      drivers/video/msm/mdp_vsync.o
  CC      drivers/video/msm/mdp_dma_lcdc.o
  CC      drivers/video/msm/mdp_cursor.o
  CC      drivers/video/msm/mdp_dma_tv.o
  CC      drivers/video/msm/mddi.o
  CC      drivers/video/msm/mddihost.o
drivers/video/msm/mddihost.c: In function 'mddi_host_register_read':
drivers/video/msm/mddihost.c:106: warning: assignment from incompatible pointer type
drivers/video/msm/mddihost.c: In function 'mddi_host_register_write':
drivers/video/msm/mddihost.c:164: warning: assignment from incompatible pointer type
drivers/video/msm/mddihost.c:177: warning: assignment from incompatible pointer type
drivers/video/msm/mddihost.c: In function 'mddi_host_register_multi_write':
drivers/video/msm/mddihost.c:243: warning: value computed is not used
drivers/video/msm/mddihost.c: In function 'mddi_host_register_read_int':
drivers/video/msm/mddihost.c:306: warning: assignment from incompatible pointer type
drivers/video/msm/mddihost.c: In function 'mddi_host_register_write_int':
drivers/video/msm/mddihost.c:362: warning: assignment from incompatible pointer type
drivers/video/msm/mddihost.c:371: warning: assignment from incompatible pointer type
  CC      drivers/video/msm/mddihosti.o
  CC      drivers/video/msm/msm_fb_panel.o
  CC      drivers/video/msm/panel/mddi/mddi_toshiba_smd.o
drivers/video/msm/panel/mddi/mddi_toshiba_smd.c:798: warning: function declaration isn't a prototype
drivers/video/msm/panel/mddi/mddi_toshiba_smd.c:799: warning: function declaration isn't a prototype
drivers/video/msm/panel/mddi/mddi_toshiba_smd.c: In function 'mddi_smd_hvga_init':
drivers/video/msm/panel/mddi/mddi_toshiba_smd.c:962: warning: unused variable 'i'
drivers/video/msm/panel/mddi/mddi_toshiba_smd.c: In function 'toshiba_bridge_sleep':
drivers/video/msm/panel/mddi/mddi_toshiba_smd.c:978: warning: unused variable 'LockTimeDpll'
drivers/video/msm/panel/mddi/mddi_toshiba_smd.c:977: warning: unused variable 'DPLL_locked'
drivers/video/msm/panel/mddi/mddi_toshiba_smd.c: In function 'toshiba_bridge_wakeup':
drivers/video/msm/panel/mddi/mddi_toshiba_smd.c:1075: warning: unused variable 'count'
drivers/video/msm/panel/mddi/mddi_toshiba_smd.c: At top level:
drivers/video/msm/panel/mddi/mddi_toshiba_smd.c:1481: warning: data definition has no type or storage class
drivers/video/msm/panel/mddi/mddi_toshiba_smd.c:1481: warning: type defaults to 'int' in declaration of 'EXPORT'
drivers/video/msm/panel/mddi/mddi_toshiba_smd.c:1481: warning: parameter names (without types) in function declaration
drivers/video/msm/panel/mddi/mddi_toshiba_smd.c:311: warning: 'mddi_toshiba_sleep_first_table' defined but not used
drivers/video/msm/panel/mddi/mddi_toshiba_smd.c:319: warning: 'mddi_toshiba_sleep_second_table' defined but not used
drivers/video/msm/panel/mddi/mddi_toshiba_smd.c:454: warning: 'smd_oled_wakeup_gamma_table' defined but not used
drivers/video/msm/panel/mddi/mddi_toshiba_smd.c:503: warning: 'smd_oled_gamma_40cd_table' defined but not used
drivers/video/msm/panel/mddi/mddi_toshiba_smd.c:812: warning: 'capela_backlight_off' defined but not used
drivers/video/msm/panel/mddi/mddi_toshiba_smd.c:861: warning: 'mddi_toshiba_vsync_set_handler' defined but not used
drivers/video/msm/panel/mddi/mddi_toshiba_smd.c:961: warning: 'mddi_smd_hvga_init' defined but not used
drivers/video/msm/panel/mddi/mddi_toshiba_smd.c:1135: warning: 'mddi_toshiba_panel_detect' defined but not used
  LD      drivers/video/msm/built-in.o
  CC      drivers/video/cfbfillrect.o
  CC      drivers/video/cfbcopyarea.o
  CC      drivers/video/cfbimgblt.o
  CC      drivers/video/output.o
  LD      drivers/video/built-in.o
  LD      drivers/built-in.o
  CC      sound/sound_core.o
  LD      sound/soundcore.o
  LD      sound/arm/built-in.o
  CC      sound/core/memalloc.o
  CC      sound/core/sgbuf.o
  CC      sound/core/pcm.o
  CC      sound/core/pcm_native.o
sound/core/pcm_native.c: In function 'snd_pcm_fasync':
sound/core/pcm_native.c:3255: warning: label 'out' defined but not used
  CC      sound/core/pcm_lib.o
  CC      sound/core/pcm_timer.o
  CC      sound/core/pcm_misc.o
  CC      sound/core/pcm_memory.o
  CC      sound/core/timer.o
  CC      sound/core/sound.o
  CC      sound/core/init.o
  CC      sound/core/memory.o
  CC      sound/core/info.o
  CC      sound/core/control.o
  CC      sound/core/misc.o
  CC      sound/core/device.o
  LD      sound/core/snd.o
  LD      sound/core/snd-timer.o
  LD      sound/core/snd-pcm.o
  LD      sound/core/snd-page-alloc.o
  LD      sound/core/built-in.o
  LD      sound/drivers/mpu401/built-in.o
  LD      sound/drivers/opl3/built-in.o
  LD      sound/drivers/opl4/built-in.o
  LD      sound/drivers/pcsp/built-in.o
  LD      sound/drivers/vx/built-in.o
  LD      sound/drivers/built-in.o
  LD      sound/i2c/other/built-in.o
  LD      sound/i2c/built-in.o
  LD      sound/isa/ad1816a/built-in.o
  LD      sound/isa/ad1848/built-in.o
  LD      sound/isa/cs423x/built-in.o
  LD      sound/isa/es1688/built-in.o
  LD      sound/isa/gus/built-in.o
  LD      sound/isa/opti9xx/built-in.o
  LD      sound/isa/sb/built-in.o
  LD      sound/isa/wavefront/built-in.o
  LD      sound/isa/built-in.o
  LD      sound/mips/built-in.o
  LD      sound/parisc/built-in.o
  LD      sound/pci/ac97/built-in.o
  LD      sound/pci/ali5451/built-in.o
  LD      sound/pci/au88x0/built-in.o
  LD      sound/pci/aw2/built-in.o
  LD      sound/pci/ca0106/built-in.o
  LD      sound/pci/cs46xx/built-in.o
  LD      sound/pci/cs5535audio/built-in.o
  LD      sound/pci/echoaudio/built-in.o
  LD      sound/pci/emu10k1/built-in.o
  LD      sound/pci/hda/built-in.o
  LD      sound/pci/ice1712/built-in.o
  LD      sound/pci/korg1212/built-in.o
  LD      sound/pci/mixart/built-in.o
  LD      sound/pci/nm256/built-in.o
  LD      sound/pci/oxygen/built-in.o
  LD      sound/pci/pcxhr/built-in.o
  LD      sound/pci/riptide/built-in.o
  LD      sound/pci/rme9652/built-in.o
  LD      sound/pci/trident/built-in.o
  LD      sound/pci/vx222/built-in.o
  LD      sound/pci/ymfpci/built-in.o
  LD      sound/pci/built-in.o
  LD      sound/pcmcia/pdaudiocf/built-in.o
  LD      sound/pcmcia/vx/built-in.o
  LD      sound/pcmcia/built-in.o
  LD      sound/ppc/built-in.o
  LD      sound/sh/built-in.o
  CC      sound/soc/soc-core.o
  CC      sound/soc/soc-dapm.o
sound/soc/soc-dapm.c:1037: warning: 'snd_soc_dapm_connect_input' is deprecated (declared at sound/soc/soc-dapm.c:1034)
sound/soc/soc-dapm.c:1037: warning: 'snd_soc_dapm_connect_input' is deprecated (declared at sound/soc/soc-dapm.c:1034)
  LD      sound/soc/snd-soc-core.o
  LD      sound/soc/at32/built-in.o
  LD      sound/soc/at91/built-in.o
  LD      sound/soc/au1x/built-in.o
  LD      sound/soc/codecs/built-in.o
  LD      sound/soc/davinci/built-in.o
  LD      sound/soc/fsl/built-in.o
  CC      sound/soc/msm/msm-pcm.o
  CC      sound/soc/msm/msm7k-pcm.o
  CC      sound/soc/msm/msm7201.o
  LD      sound/soc/msm/snd-soc-msm.o
  LD      sound/soc/msm/built-in.o
  LD      sound/soc/omap/built-in.o
  LD      sound/soc/pxa/built-in.o
  LD      sound/soc/s3c24xx/built-in.o
  LD      sound/soc/sh/built-in.o
  LD      sound/soc/built-in.o
  LD      sound/sparc/built-in.o
  LD      sound/spi/built-in.o
  LD      sound/synth/built-in.o
  LD      sound/usb/caiaq/built-in.o
  LD      sound/usb/usx2y/built-in.o
  LD      sound/usb/built-in.o
  CC      sound/last.o
  LD      sound/built-in.o
  LD      firmware/built-in.o
  CC      arch/arm/oprofile/../../../drivers/oprofile/oprof.o
  CC      arch/arm/oprofile/../../../drivers/oprofile/cpu_buffer.o
  CC      arch/arm/oprofile/../../../drivers/oprofile/buffer_sync.o
  CC      arch/arm/oprofile/../../../drivers/oprofile/event_buffer.o
  CC      arch/arm/oprofile/../../../drivers/oprofile/oprofile_files.o
  CC      arch/arm/oprofile/../../../drivers/oprofile/oprofilefs.o
  CC      arch/arm/oprofile/../../../drivers/oprofile/oprofile_stats.o
  CC      arch/arm/oprofile/../../../drivers/oprofile/timer_int.o
  CC      arch/arm/oprofile/common.o
  CC      arch/arm/oprofile/backtrace.o
  CC      arch/arm/oprofile/op_model_arm11_core.o
  CC      arch/arm/oprofile/op_model_v6.o
arch/arm/oprofile/op_model_v6.c:35:7: warning: extra tokens at end of #else directive
  LD      arch/arm/oprofile/oprofile.o
  LD      arch/arm/oprofile/built-in.o
  CC      net/socket.o
  LD      net/802/built-in.o
  CC      net/bluetooth/af_bluetooth.o
net/bluetooth/af_bluetooth.c:64: warning: 'bt_key_strings' defined but not used
net/bluetooth/af_bluetooth.c:75: warning: 'bt_slock_key_strings' defined but not used
  CC      net/bluetooth/hci_core.o
  CC      net/bluetooth/hci_conn.o
  CC      net/bluetooth/hci_event.o
  CC      net/bluetooth/hci_sock.o
  CC      net/bluetooth/hci_sysfs.o
  CC      net/bluetooth/lib.o
  LD      net/bluetooth/bluetooth.o
  CC      net/bluetooth/l2cap.o
  CC      net/bluetooth/sco.o
  CC      net/bluetooth/bnep/core.o
  CC      net/bluetooth/bnep/sock.o
  CC      net/bluetooth/bnep/netdev.o
  LD      net/bluetooth/bnep/bnep.o
  LD      net/bluetooth/bnep/built-in.o
  CC      net/bluetooth/hidp/core.o
  CC      net/bluetooth/hidp/sock.o
  LD      net/bluetooth/hidp/hidp.o
  LD      net/bluetooth/hidp/built-in.o
  CC      net/bluetooth/rfcomm/core.o
  CC      net/bluetooth/rfcomm/sock.o
  CC      net/bluetooth/rfcomm/tty.o
  LD      net/bluetooth/rfcomm/rfcomm.o
  LD      net/bluetooth/rfcomm/built-in.o
  LD      net/bluetooth/built-in.o
  CC      net/core/sock.o
  CC      net/core/request_sock.o
  CC      net/core/skbuff.o
  CC      net/core/iovec.o
  CC      net/core/datagram.o
  CC      net/core/stream.o
  CC      net/core/scm.o
  CC      net/core/gen_stats.o
  CC      net/core/gen_estimator.o
  CC      net/core/net_namespace.o
  CC      net/core/sysctl_net_core.o
  CC      net/core/dev.o
  CC      net/core/ethtool.o
  CC      net/core/dev_mcast.o
  CC      net/core/dst.o
  CC      net/core/netevent.o
  CC      net/core/neighbour.o
  CC      net/core/rtnetlink.o
  CC      net/core/utils.o
  CC      net/core/link_watch.o
  CC      net/core/filter.o
  CC      net/core/net-sysfs.o
  LD      net/core/built-in.o
  CC      net/ethernet/eth.o
  LD      net/ethernet/built-in.o
  CC      net/ipv4/route.o
  CC      net/ipv4/inetpeer.o
  CC      net/ipv4/protocol.o
  CC      net/ipv4/ip_input.o
  CC      net/ipv4/ip_fragment.o
  CC      net/ipv4/ip_forward.o
  CC      net/ipv4/ip_options.o
  CC      net/ipv4/ip_output.o
  CC      net/ipv4/ip_sockglue.o
  CC      net/ipv4/inet_hashtables.o
  CC      net/ipv4/inet_timewait_sock.o
  CC      net/ipv4/inet_connection_sock.o
  CC      net/ipv4/tcp.o
  CC      net/ipv4/tcp_input.o
  CC      net/ipv4/tcp_output.o
  CC      net/ipv4/tcp_timer.o
  CC      net/ipv4/tcp_ipv4.o
  CC      net/ipv4/tcp_minisocks.o
  CC      net/ipv4/tcp_cong.o
  CC      net/ipv4/datagram.o
  CC      net/ipv4/raw.o
  CC      net/ipv4/udp.o
  CC      net/ipv4/udplite.o
  CC      net/ipv4/arp.o
  CC      net/ipv4/icmp.o
  CC      net/ipv4/devinet.o
  CC      net/ipv4/af_inet.o
  CC      net/ipv4/igmp.o
  CC      net/ipv4/fib_frontend.o
  CC      net/ipv4/fib_semantics.o
  CC      net/ipv4/inet_fragment.o
  CC      net/ipv4/sysctl_net_ipv4.o
  CC      net/ipv4/sysfs_net_ipv4.o
  CC      net/ipv4/fib_hash.o
  CC      net/ipv4/proc.o
  CC      net/ipv4/tcp_cubic.o
  LD      net/ipv4/built-in.o
  CC      net/netlink/af_netlink.o
  CC      net/netlink/attr.o
  CC      net/netlink/genetlink.o
  LD      net/netlink/built-in.o
  CC      net/packet/af_packet.o
  LD      net/packet/built-in.o
  CC      net/rfkill/rfkill.o
net/rfkill/rfkill.c: In function 'rfkill_get_type_str':
net/rfkill/rfkill.c:329: warning: control reaches end of non-void function
  CC      net/rfkill/rfkill-input.o
  LD      net/rfkill/built-in.o
  CC      net/sched/sch_generic.o
  LD      net/sched/built-in.o
  CC      net/sunrpc/clnt.o
  CC      net/sunrpc/xprt.o
  CC      net/sunrpc/socklib.o
  CC      net/sunrpc/xprtsock.o
  CC      net/sunrpc/sched.o
  CC      net/sunrpc/auth.o
  CC      net/sunrpc/auth_null.o
  CC      net/sunrpc/auth_unix.o
  CC      net/sunrpc/auth_generic.o
  CC      net/sunrpc/svc.o
  CC      net/sunrpc/svcsock.o
  CC      net/sunrpc/svcauth.o
  CC      net/sunrpc/svcauth_unix.o
net/sunrpc/svcauth_unix.c: In function 'svcauth_unix_set_client':
net/sunrpc/svcauth_unix.c:681: warning: 'sin6' may be used uninitialized in this function
  CC      net/sunrpc/rpcb_clnt.o
  CC      net/sunrpc/timer.o
  CC      net/sunrpc/xdr.o
  CC      net/sunrpc/sunrpc_syms.o
  CC      net/sunrpc/cache.o
  CC      net/sunrpc/rpc_pipe.o
  CC      net/sunrpc/svc_xprt.o
  CC      net/sunrpc/stats.o
  CC      net/sunrpc/sysctl.o
  LD      net/sunrpc/sunrpc.o
  LD      net/sunrpc/built-in.o
  CC      net/unix/af_unix.o
  CC      net/unix/garbage.o
  CC      net/unix/sysctl_net_unix.o
  LD      net/unix/unix.o
  LD      net/unix/built-in.o
  CC      net/wireless/wext.o
  LD      net/wireless/built-in.o
  CC      net/sysctl_net.o
  LD      net/built-in.o
  LD      arch/arm/lib/built-in.o
  AS      arch/arm/lib/ashldi3.o
  AS      arch/arm/lib/ashrdi3.o
  AS      arch/arm/lib/backtrace.o
  AS      arch/arm/lib/changebit.o
  AS      arch/arm/lib/clear_user.o
  AS      arch/arm/lib/clearbit.o
  AS      arch/arm/lib/copy_from_user.o
  AS      arch/arm/lib/copy_page.o
  AS      arch/arm/lib/copy_to_user.o
  AS      arch/arm/lib/csumipv6.o
  AS      arch/arm/lib/csumpartial.o
  AS      arch/arm/lib/csumpartialcopy.o
  AS      arch/arm/lib/csumpartialcopyuser.o
  AS      arch/arm/lib/delay.o
  AS      arch/arm/lib/div64.o
  AS      arch/arm/lib/findbit.o
  AS      arch/arm/lib/getuser.o
  AS      arch/arm/lib/io-readsb.o
  AS      arch/arm/lib/io-readsl.o
  AS      arch/arm/lib/io-readsw-armv4.o
  AS      arch/arm/lib/io-writesb.o
  AS      arch/arm/lib/io-writesl.o
  AS      arch/arm/lib/io-writesw-armv4.o
  AS      arch/arm/lib/lib1funcs.o
  AS      arch/arm/lib/lshrdi3.o
  AS      arch/arm/lib/memchr.o
  AS      arch/arm/lib/memcpy.o
  AS      arch/arm/lib/memmove.o
  AS      arch/arm/lib/memset.o
  AS      arch/arm/lib/memzero.o
  AS      arch/arm/lib/muldi3.o
  AS      arch/arm/lib/putuser.o
  AS      arch/arm/lib/setbit.o
  AS      arch/arm/lib/sha1.o
  AS      arch/arm/lib/strchr.o
  AS      arch/arm/lib/strncpy_from_user.o
  AS      arch/arm/lib/strnlen_user.o
  AS      arch/arm/lib/strrchr.o
  AS      arch/arm/lib/testchangebit.o
  AS      arch/arm/lib/testclearbit.o
  AS      arch/arm/lib/testsetbit.o
  AS      arch/arm/lib/ucmpdi2.o
  AR      arch/arm/lib/lib.a
  CC      lib/bcd.o
  CC      lib/div64.o
  CC      lib/sort.o
  CC      lib/parser.o
  CC      lib/halfmd4.o
  CC      lib/debug_locks.o
  CC      lib/random32.o
  CC      lib/bust_spinlocks.o
  CC      lib/hexdump.o
  CC      lib/kasprintf.o
  CC      lib/bitmap.o
  CC      lib/scatterlist.o
  CC      lib/iomap_copy.o
  CC      lib/devres.o
  CC      lib/hweight.o
  CC      lib/kernel_lock.o
  CC      lib/plist.o
  CC      lib/smp_processor_id.o
  CC      lib/bitrev.o
  CC      lib/crc-ccitt.o
  CC      lib/crc16.o
  HOSTCC  lib/gen_crc32table
  GEN     lib/crc32table.h
  CC      lib/crc32.o
  LD      lib/built-in.o
  CC      lib/argv_split.o
  CC      lib/cmdline.o
  CC      lib/ctype.o
  CC      lib/dec_and_lock.o
  CC      lib/dump_stack.o
  CC      lib/extable.o
  CC      lib/idr.o
  CC      lib/int_sqrt.o
  CC      lib/ioremap.o
  CC      lib/irq_regs.o
  CC      lib/klist.o
  CC      lib/kobject.o
  CC      lib/kobject_uevent.o
  CC      lib/kref.o
  CC      lib/prio_heap.o
  CC      lib/prio_tree.o
  CC      lib/proportions.o
  CC      lib/radix-tree.o
  CC      lib/ratelimit.o
  CC      lib/rbtree.o
  CC      lib/reciprocal_div.o
  CC      lib/rwsem-spinlock.o
  CC      lib/sha1.o
  CC      lib/show_mem.o
  CC      lib/string.o
  CC      lib/vsprintf.o
  AR      lib/lib.a
  LD      vmlinux.o
  MODPOST vmlinux.o
  GEN     .version
  CHK     include/linux/compile.h
dnsdomainname: Unknown host
  UPD     include/linux/compile.h
  CC      init/version.o
  LD      init/built-in.o
  LD      .tmp_vmlinux1
  KSYM    .tmp_kallsyms1.S
  AS      .tmp_kallsyms1.o
  LD      .tmp_vmlinux2
  KSYM    .tmp_kallsyms2.S
  AS      .tmp_kallsyms2.o
  LD      vmlinux
  SYSMAP  System.map
  SYSMAP  .tmp_System.map
  OBJCOPY arch/arm/boot/Image
  Kernel: arch/arm/boot/Image is ready
  AS      arch/arm/boot/compressed/head.o
  GZIP    arch/arm/boot/compressed/piggy.gz
  AS      arch/arm/boot/compressed/piggy.o
  CC      arch/arm/boot/compressed/misc.o
  LD      arch/arm/boot/compressed/vmlinux
  OBJCOPY arch/arm/boot/zImage
  Kernel: arch/arm/boot/zImage is ready
  Building modules, stage 2.
  MODPOST 7 modules
  CC      arch/arm/mach-msm/dma_test.mod.o
  LD [M]  arch/arm/mach-msm/dma_test.ko
  CC      arch/arm/mach-msm/reset_modem.mod.o
  LD [M]  arch/arm/mach-msm/reset_modem.ko
  CC      drivers/bluetooth/bluetooth-power.mod.o
  LD [M]  drivers/bluetooth/bluetooth-power.ko
  CC      drivers/dpram/dpram.mod.o
  LD [M]  drivers/dpram/dpram.ko
  CC      drivers/dpram/multipdp.mod.o
  LD [M]  drivers/dpram/multipdp.ko
  CC      drivers/misc/logger_test.mod.o
  LD [M]  drivers/misc/logger_test.ko
  CC      drivers/net/wireless/broadcom/bcm4325.mod.o
  LD [M]  drivers/net/wireless/broadcom/bcm4325.ko
